
*** Running vivado
    with args -log time_multiplexing_main.vds -m64 -product Vivado -mode batch -messageDb vivado.pb -notrace -source time_multiplexing_main.tcl


ECHO is off.
ECHO is off.

****** Vivado v2023.1 (64-bit)
  **** SW Build 3865809 on Sun May  7 15:05:29 MDT 2023
  **** IP Build 3864474 on Sun May  7 20:36:21 MDT 2023
  **** SharedData Build 3865790 on Sun May 07 13:33:03 MDT 2023
    ** Copyright 1986-2022 Xilinx, Inc. All Rights Reserved.
    ** Copyright 2022-2023 Advanced Micro Devices, Inc. All Rights Reserved.

source time_multiplexing_main.tcl -notrace
create_project: Time (s): cpu = 00:00:02 ; elapsed = 00:00:07 . Memory (MB): peak = 457.262 ; gain = 163.492
Command: read_checkpoint -auto_incremental -incremental {C:/Users/jossx/OneDrive/Desktop/316 Labs/Lab 6/Lab_6/Lab_6.srcs/utils_1/imports/synth_1/time_multiplexing_main.dcp}
INFO: [Vivado 12-5825] Read reference checkpoint from C:/Users/jossx/OneDrive/Desktop/316 Labs/Lab 6/Lab_6/Lab_6.srcs/utils_1/imports/synth_1/time_multiplexing_main.dcp for incremental synthesis
INFO: [Vivado 12-7989] Please ensure there are no constraint changes
Command: synth_design -top time_multiplexing_main -part xc7a35tcpg236-1
Starting synth_design
Attempting to get a license for feature 'Synthesis' and/or device 'xc7a35t'
INFO: [Common 17-349] Got license for feature 'Synthesis' and/or device 'xc7a35t'
INFO: [Device 21-403] Loading part xc7a35tcpg236-1
INFO: [Designutils 20-5440] No compile time benefit to using incremental synthesis; A full resynthesis will be run
INFO: [Designutils 20-4379] Flow is switching to default flow due to incremental criteria not met. If you would like to alter this behaviour and have the flow terminate instead, please set the following parameter config_implementation {autoIncr.Synth.RejectBehavior Terminate}
INFO: [Synth 8-7079] Multithreading enabled for synth_design using a maximum of 2 processes.
INFO: [Synth 8-7078] Launching helper process for spawning children vivado processes
INFO: [Synth 8-7075] Helper process launched with PID 49236
---------------------------------------------------------------------------------
Starting RTL Elaboration : Time (s): cpu = 00:00:02 ; elapsed = 00:00:06 . Memory (MB): peak = 1272.508 ; gain = 411.312
---------------------------------------------------------------------------------
INFO: [Synth 8-6157] synthesizing module 'time_multiplexing_main' [C:/Users/jossx/OneDrive/Desktop/316 Labs/Lab 6/Lab_6/Lab_6.srcs/sources_1/imports/new/time_multiplexing_main.v:23]
INFO: [Synth 8-6157] synthesizing module 'hexto7segment' [C:/Users/jossx/OneDrive/Desktop/316 Labs/Lab 6/Lab_6/Lab_6.srcs/sources_1/imports/new/hexto7segment.v:23]
INFO: [Synth 8-155] case statement is not full and has no default [C:/Users/jossx/OneDrive/Desktop/316 Labs/Lab 6/Lab_6/Lab_6.srcs/sources_1/imports/new/hexto7segment.v:30]
INFO: [Synth 8-6155] done synthesizing module 'hexto7segment' (0#1) [C:/Users/jossx/OneDrive/Desktop/316 Labs/Lab 6/Lab_6/Lab_6.srcs/sources_1/imports/new/hexto7segment.v:23]
WARNING: [Synth 8-7071] port 'dp' of module 'hexto7segment' is unconnected for instance 'c1' [C:/Users/jossx/OneDrive/Desktop/316 Labs/Lab 6/Lab_6/Lab_6.srcs/sources_1/imports/new/time_multiplexing_main.v:42]
WARNING: [Synth 8-7023] instance 'c1' of module 'hexto7segment' has 3 connections declared, but only 2 given [C:/Users/jossx/OneDrive/Desktop/316 Labs/Lab 6/Lab_6/Lab_6.srcs/sources_1/imports/new/time_multiplexing_main.v:42]
WARNING: [Synth 8-7071] port 'dp' of module 'hexto7segment' is unconnected for instance 'c2' [C:/Users/jossx/OneDrive/Desktop/316 Labs/Lab 6/Lab_6/Lab_6.srcs/sources_1/imports/new/time_multiplexing_main.v:43]
WARNING: [Synth 8-7023] instance 'c2' of module 'hexto7segment' has 3 connections declared, but only 2 given [C:/Users/jossx/OneDrive/Desktop/316 Labs/Lab 6/Lab_6/Lab_6.srcs/sources_1/imports/new/time_multiplexing_main.v:43]
WARNING: [Synth 8-7071] port 'dp' of module 'hexto7segment' is unconnected for instance 'c3' [C:/Users/jossx/OneDrive/Desktop/316 Labs/Lab 6/Lab_6/Lab_6.srcs/sources_1/imports/new/time_multiplexing_main.v:44]
WARNING: [Synth 8-7023] instance 'c3' of module 'hexto7segment' has 3 connections declared, but only 2 given [C:/Users/jossx/OneDrive/Desktop/316 Labs/Lab 6/Lab_6/Lab_6.srcs/sources_1/imports/new/time_multiplexing_main.v:44]
WARNING: [Synth 8-7071] port 'dp' of module 'hexto7segment' is unconnected for instance 'c4' [C:/Users/jossx/OneDrive/Desktop/316 Labs/Lab 6/Lab_6/Lab_6.srcs/sources_1/imports/new/time_multiplexing_main.v:45]
WARNING: [Synth 8-7023] instance 'c4' of module 'hexto7segment' has 3 connections declared, but only 2 given [C:/Users/jossx/OneDrive/Desktop/316 Labs/Lab 6/Lab_6/Lab_6.srcs/sources_1/imports/new/time_multiplexing_main.v:45]
INFO: [Synth 8-6157] synthesizing module 'clkdiv' [C:/Users/jossx/OneDrive/Desktop/316 Labs/Lab 6/Lab_6/Lab_6.srcs/sources_1/imports/new/clkdiv.v:23]
INFO: [Synth 8-6155] done synthesizing module 'clkdiv' (0#1) [C:/Users/jossx/OneDrive/Desktop/316 Labs/Lab 6/Lab_6/Lab_6.srcs/sources_1/imports/new/clkdiv.v:23]
INFO: [Synth 8-6157] synthesizing module 'Stopwatch_Timer' [C:/Users/jossx/OneDrive/Desktop/316 Labs/Lab 6/Lab_6/Lab_6.srcs/sources_1/new/Stopwatch_Timer.v:23]
INFO: [Synth 8-6155] done synthesizing module 'Stopwatch_Timer' (0#1) [C:/Users/jossx/OneDrive/Desktop/316 Labs/Lab 6/Lab_6/Lab_6.srcs/sources_1/new/Stopwatch_Timer.v:23]
WARNING: [Synth 8-7071] port 'dp' of module 'Stopwatch_Timer' is unconnected for instance 'c7' [C:/Users/jossx/OneDrive/Desktop/316 Labs/Lab 6/Lab_6/Lab_6.srcs/sources_1/imports/new/time_multiplexing_main.v:52]
WARNING: [Synth 8-7023] instance 'c7' of module 'Stopwatch_Timer' has 10 connections declared, but only 9 given [C:/Users/jossx/OneDrive/Desktop/316 Labs/Lab 6/Lab_6/Lab_6.srcs/sources_1/imports/new/time_multiplexing_main.v:52]
INFO: [Synth 8-6157] synthesizing module 'time_mux_state_machine' [C:/Users/jossx/OneDrive/Desktop/316 Labs/Lab 6/Lab_6/Lab_6.srcs/sources_1/imports/new/time_mux_state_machine.v:23]
INFO: [Synth 8-6155] done synthesizing module 'time_mux_state_machine' (0#1) [C:/Users/jossx/OneDrive/Desktop/316 Labs/Lab 6/Lab_6/Lab_6.srcs/sources_1/imports/new/time_mux_state_machine.v:23]
INFO: [Synth 8-6155] done synthesizing module 'time_multiplexing_main' (0#1) [C:/Users/jossx/OneDrive/Desktop/316 Labs/Lab 6/Lab_6/Lab_6.srcs/sources_1/imports/new/time_multiplexing_main.v:23]
WARNING: [Synth 8-7129] Port reset in module clkdiv is either unconnected or has no load
---------------------------------------------------------------------------------
Finished RTL Elaboration : Time (s): cpu = 00:00:03 ; elapsed = 00:00:08 . Memory (MB): peak = 1367.082 ; gain = 505.887
---------------------------------------------------------------------------------
---------------------------------------------------------------------------------
Start Handling Custom Attributes
---------------------------------------------------------------------------------
---------------------------------------------------------------------------------
Finished Handling Custom Attributes : Time (s): cpu = 00:00:03 ; elapsed = 00:00:08 . Memory (MB): peak = 1367.082 ; gain = 505.887
---------------------------------------------------------------------------------
---------------------------------------------------------------------------------
Finished RTL Optimization Phase 1 : Time (s): cpu = 00:00:03 ; elapsed = 00:00:08 . Memory (MB): peak = 1367.082 ; gain = 505.887
---------------------------------------------------------------------------------
Netlist sorting complete. Time (s): cpu = 00:00:00 ; elapsed = 00:00:00.003 . Memory (MB): peak = 1367.082 ; gain = 0.000
INFO: [Project 1-570] Preparing netlist for logic optimization

Processing XDC Constraints
Initializing timing engine
Parsing XDC File [C:/Users/jossx/OneDrive/Desktop/316 Labs/Lab 6/Lab_6/Lab_6.srcs/constrs_1/imports/Lab_5/Basys3_Master.xdc]
Finished Parsing XDC File [C:/Users/jossx/OneDrive/Desktop/316 Labs/Lab 6/Lab_6/Lab_6.srcs/constrs_1/imports/Lab_5/Basys3_Master.xdc]
INFO: [Project 1-236] Implementation specific constraints were found while reading constraint file [C:/Users/jossx/OneDrive/Desktop/316 Labs/Lab 6/Lab_6/Lab_6.srcs/constrs_1/imports/Lab_5/Basys3_Master.xdc]. These constraints will be ignored for synthesis but will be used in implementation. Impacted constraints are listed in the file [.Xil/time_multiplexing_main_propImpl.xdc].
Resolution: To avoid this warning, move constraints listed in [.Xil/time_multiplexing_main_propImpl.xdc] to another XDC file and exclude this new file from synthesis with the used_in_synthesis property (File Properties dialog in GUI) and re-run elaboration/synthesis.
Completed Processing XDC Constraints

Netlist sorting complete. Time (s): cpu = 00:00:00 ; elapsed = 00:00:00 . Memory (MB): peak = 1465.535 ; gain = 0.000
INFO: [Project 1-111] Unisim Transformation Summary:
No Unisim elements were transformed.

Constraint Validation Runtime : Time (s): cpu = 00:00:00 ; elapsed = 00:00:00.004 . Memory (MB): peak = 1465.535 ; gain = 0.000
INFO: [Designutils 20-5440] No compile time benefit to using incremental synthesis; A full resynthesis will be run
INFO: [Designutils 20-4379] Flow is switching to default flow due to incremental criteria not met. If you would like to alter this behaviour and have the flow terminate instead, please set the following parameter config_implementation {autoIncr.Synth.RejectBehavior Terminate}
---------------------------------------------------------------------------------
Finished Constraint Validation : Time (s): cpu = 00:00:05 ; elapsed = 00:00:17 . Memory (MB): peak = 1465.535 ; gain = 604.340
---------------------------------------------------------------------------------
---------------------------------------------------------------------------------
Start Loading Part and Timing Information
---------------------------------------------------------------------------------
Loading part: xc7a35tcpg236-1
---------------------------------------------------------------------------------
Finished Loading Part and Timing Information : Time (s): cpu = 00:00:05 ; elapsed = 00:00:17 . Memory (MB): peak = 1465.535 ; gain = 604.340
---------------------------------------------------------------------------------
---------------------------------------------------------------------------------
Start Applying 'set_property' XDC Constraints
---------------------------------------------------------------------------------
---------------------------------------------------------------------------------
Finished applying 'set_property' XDC Constraints : Time (s): cpu = 00:00:05 ; elapsed = 00:00:17 . Memory (MB): peak = 1465.535 ; gain = 604.340
---------------------------------------------------------------------------------
INFO: [Synth 8-802] inferred FSM for state register 'state_reg' in module 'time_mux_state_machine'
WARNING: [Synth 8-327] inferring latch for variable 'r_reg' [C:/Users/jossx/OneDrive/Desktop/316 Labs/Lab 6/Lab_6/Lab_6.srcs/sources_1/imports/new/hexto7segment.v:31]
---------------------------------------------------------------------------------------------------
                   State |                     New Encoding |                Previous Encoding 
---------------------------------------------------------------------------------------------------
                  iSTATE |                               00 |                               00
                 iSTATE0 |                               01 |                               01
                 iSTATE1 |                               10 |                               10
                 iSTATE2 |                               11 |                               11
---------------------------------------------------------------------------------------------------
INFO: [Synth 8-3354] encoded FSM with state register 'state_reg' using encoding 'sequential' in module 'time_mux_state_machine'
---------------------------------------------------------------------------------
Finished RTL Optimization Phase 2 : Time (s): cpu = 00:00:05 ; elapsed = 00:00:17 . Memory (MB): peak = 1465.535 ; gain = 604.340
---------------------------------------------------------------------------------
---------------------------------------------------------------------------------
Start RTL Component Statistics 
---------------------------------------------------------------------------------
Detailed RTL Component Info : 
+---Adders : 
	   2 Input    4 Bit       Adders := 8     
+---Registers : 
	                4 Bit    Registers := 4     
	                1 Bit    Registers := 6     
+---Muxes : 
	   4 Input    7 Bit        Muxes := 1     
	   2 Input    4 Bit        Muxes := 41    
	   4 Input    4 Bit        Muxes := 3     
	   3 Input    4 Bit        Muxes := 2     
	   4 Input    2 Bit        Muxes := 1     
	  11 Input    1 Bit        Muxes := 4     
	   2 Input    1 Bit        Muxes := 58    
	   5 Input    1 Bit        Muxes := 7     
---------------------------------------------------------------------------------
Finished RTL Component Statistics 
---------------------------------------------------------------------------------
---------------------------------------------------------------------------------
Start Part Resource Summary
---------------------------------------------------------------------------------
Part Resources:
DSPs: 90 (col length:60)
BRAMs: 100 (col length: RAMB18 60 RAMB36 30)
---------------------------------------------------------------------------------
Finished Part Resource Summary
---------------------------------------------------------------------------------
---------------------------------------------------------------------------------
Start Cross Boundary and Area Optimization
---------------------------------------------------------------------------------
WARNING: [Synth 8-7080] Parallel synthesis criteria is not met
---------------------------------------------------------------------------------
Finished Cross Boundary and Area Optimization : Time (s): cpu = 00:00:05 ; elapsed = 00:00:20 . Memory (MB): peak = 1465.535 ; gain = 604.340
---------------------------------------------------------------------------------
---------------------------------------------------------------------------------
Start Applying XDC Timing Constraints
---------------------------------------------------------------------------------
---------------------------------------------------------------------------------
Finished Applying XDC Timing Constraints : Time (s): cpu = 00:00:07 ; elapsed = 00:00:27 . Memory (MB): peak = 1465.535 ; gain = 604.340
---------------------------------------------------------------------------------
---------------------------------------------------------------------------------
Start Timing Optimization
---------------------------------------------------------------------------------
---------------------------------------------------------------------------------
Finished Timing Optimization : Time (s): cpu = 00:00:07 ; elapsed = 00:00:27 . Memory (MB): peak = 1465.535 ; gain = 604.340
---------------------------------------------------------------------------------
---------------------------------------------------------------------------------
Start Technology Mapping
---------------------------------------------------------------------------------
---------------------------------------------------------------------------------
Finished Technology Mapping : Time (s): cpu = 00:00:07 ; elapsed = 00:00:27 . Memory (MB): peak = 1465.535 ; gain = 604.340
---------------------------------------------------------------------------------
---------------------------------------------------------------------------------
Start IO Insertion
---------------------------------------------------------------------------------
---------------------------------------------------------------------------------
Start Flattening Before IO Insertion
---------------------------------------------------------------------------------
---------------------------------------------------------------------------------
Finished Flattening Before IO Insertion
---------------------------------------------------------------------------------
---------------------------------------------------------------------------------
Start Final Netlist Cleanup
---------------------------------------------------------------------------------
---------------------------------------------------------------------------------
Finished Final Netlist Cleanup
---------------------------------------------------------------------------------
---------------------------------------------------------------------------------
Finished IO Insertion : Time (s): cpu = 00:00:08 ; elapsed = 00:00:32 . Memory (MB): peak = 1465.535 ; gain = 604.340
---------------------------------------------------------------------------------
---------------------------------------------------------------------------------
Start Renaming Generated Instances
---------------------------------------------------------------------------------
---------------------------------------------------------------------------------
Finished Renaming Generated Instances : Time (s): cpu = 00:00:08 ; elapsed = 00:00:32 . Memory (MB): peak = 1465.535 ; gain = 604.340
---------------------------------------------------------------------------------
---------------------------------------------------------------------------------
Start Rebuilding User Hierarchy
---------------------------------------------------------------------------------
---------------------------------------------------------------------------------
Finished Rebuilding User Hierarchy : Time (s): cpu = 00:00:08 ; elapsed = 00:00:32 . Memory (MB): peak = 1465.535 ; gain = 604.340
---------------------------------------------------------------------------------
---------------------------------------------------------------------------------
Start Renaming Generated Ports
---------------------------------------------------------------------------------
---------------------------------------------------------------------------------
Finished Renaming Generated Ports : Time (s): cpu = 00:00:08 ; elapsed = 00:00:32 . Memory (MB): peak = 1465.535 ; gain = 604.340
---------------------------------------------------------------------------------
---------------------------------------------------------------------------------
Start Handling Custom Attributes
---------------------------------------------------------------------------------
---------------------------------------------------------------------------------
Finished Handling Custom Attributes : Time (s): cpu = 00:00:08 ; elapsed = 00:00:32 . Memory (MB): peak = 1465.535 ; gain = 604.340
---------------------------------------------------------------------------------
---------------------------------------------------------------------------------
Start Renaming Generated Nets
---------------------------------------------------------------------------------
---------------------------------------------------------------------------------
Finished Renaming Generated Nets : Time (s): cpu = 00:00:08 ; elapsed = 00:00:32 . Memory (MB): peak = 1465.535 ; gain = 604.340
---------------------------------------------------------------------------------
---------------------------------------------------------------------------------
Start Writing Synthesis Report
---------------------------------------------------------------------------------

Report BlackBoxes: 
+-+--------------+----------+
| |BlackBox name |Instances |
+-+--------------+----------+
+-+--------------+----------+

Report Cell Usage: 
+------+-------+------+
|      |Cell   |Count |
+------+-------+------+
|1     |BUFG   |     1|
|2     |CARRY4 |    10|
|3     |LUT1   |     3|
|4     |LUT2   |    12|
|5     |LUT3   |    15|
|6     |LUT4   |    52|
|7     |LUT5   |    25|
|8     |LUT6   |    57|
|9     |FDCE   |     2|
|10    |FDRE   |    59|
|11    |LD     |    28|
|12    |IBUF   |    13|
|13    |OBUF   |    11|
+------+-------+------+
---------------------------------------------------------------------------------
Finished Writing Synthesis Report : Time (s): cpu = 00:00:08 ; elapsed = 00:00:32 . Memory (MB): peak = 1465.535 ; gain = 604.340
---------------------------------------------------------------------------------
Synthesis finished with 0 errors, 0 critical warnings and 2 warnings.
Synthesis Optimization Runtime : Time (s): cpu = 00:00:05 ; elapsed = 00:00:30 . Memory (MB): peak = 1465.535 ; gain = 505.887
Synthesis Optimization Complete : Time (s): cpu = 00:00:08 ; elapsed = 00:00:32 . Memory (MB): peak = 1465.535 ; gain = 604.340
INFO: [Project 1-571] Translating synthesized netlist
Netlist sorting complete. Time (s): cpu = 00:00:00 ; elapsed = 00:00:00.003 . Memory (MB): peak = 1465.535 ; gain = 0.000
INFO: [Netlist 29-17] Analyzing 38 Unisim elements for replacement
INFO: [Netlist 29-28] Unisim Transformation completed in 0 CPU seconds
INFO: [Project 1-570] Preparing netlist for logic optimization
INFO: [Opt 31-138] Pushed 0 inverter(s) to 0 load pin(s).
Netlist sorting complete. Time (s): cpu = 00:00:00 ; elapsed = 00:00:00 . Memory (MB): peak = 1465.535 ; gain = 0.000
INFO: [Project 1-111] Unisim Transformation Summary:
  A total of 28 instances were transformed.
  LD => LDCE: 28 instances

Synth Design complete | Checksum: a7b7bce5
INFO: [Common 17-83] Releasing license: Synthesis
34 Infos, 13 Warnings, 0 Critical Warnings and 0 Errors encountered.
synth_design completed successfully
synth_design: Time (s): cpu = 00:00:09 ; elapsed = 00:00:38 . Memory (MB): peak = 1465.535 ; gain = 983.426
INFO: [Common 17-1381] The checkpoint 'C:/Users/jossx/OneDrive/Desktop/316 Labs/Lab 6/Lab_6/Lab_6.runs/synth_1/time_multiplexing_main.dcp' has been generated.
INFO: [runtcl-4] Executing : report_utilization -file time_multiplexing_main_utilization_synth.rpt -pb time_multiplexing_main_utilization_synth.pb
INFO: [Common 17-206] Exiting Vivado at Wed Nov 29 17:07:13 2023...
